\BOOKMARK [1][-]{section.1}{\376\377\133\236\232\214\230\230\166\356\000\040\000\040\127\372\116\216\135\356\122\006\217\333\123\026\173\227\154\325\166\204\131\032\153\265\176\277\140\047\126\336\137\122}{}% 1
\BOOKMARK [2][-]{subsection.1.1}{\376\377\144\130\211\201}{section.1}% 2
\BOOKMARK [2][-]{subsection.1.2}{\376\377\131\032\153\265\176\277\210\114\126\336\137\122\225\356\230\230\116\313\176\315}{section.1}% 3
\BOOKMARK [2][-]{subsection.1.3}{\376\377\135\356\122\006\217\333\123\026\173\227\154\325}{section.1}% 4
\BOOKMARK [2][-]{subsection.1.4}{\376\377\170\024\172\166\163\260\162\266}{section.1}% 5
\BOOKMARK [1][-]{section.2}{\376\377\133\236\232\214\211\201\154\102}{}% 6
\BOOKMARK [1][-]{section.3}{\376\377\173\227\154\325\213\276\213\241}{}% 7
\BOOKMARK [2][-]{subsection.3.1}{\376\377\135\362\167\345\145\255\160\271\117\115\177\156\166\204\131\032\153\265\176\277\140\047\126\336\137\122\000\040}{section.3}% 8
\BOOKMARK [2][-]{subsection.3.2}{\376\377\135\362\167\345\145\255\160\271\145\160\166\356\166\204\131\032\153\265\176\277\140\047\126\336\137\122}{section.3}% 9
\BOOKMARK [3][-]{subsubsection.3.2.1}{\376\377\122\033\136\372\171\315\177\244}{subsection.3.2}% 10
\BOOKMARK [3][-]{subsubsection.3.2.2}{\376\377\171\315\177\244\172\201\123\330}{subsection.3.2}% 11
\BOOKMARK [3][-]{subsubsection.3.2.3}{\376\377\171\315\177\244\221\315\176\304}{subsection.3.2}% 12
\BOOKMARK [3][-]{subsubsection.3.2.4}{\376\377\171\315\177\244\146\377\116\343}{subsection.3.2}% 13
\BOOKMARK [2][-]{subsection.3.3}{\376\377\147\052\167\345\145\255\160\271\145\160\166\356\166\204\131\032\153\265\176\277\140\047\126\336\137\122}{section.3}% 14
\BOOKMARK [1][-]{section.4}{\376\377\133\236\232\214\163\257\130\203\116\016\136\163\123\360}{}% 15
\BOOKMARK [2][-]{subsection.4.1}{\376\377\163\257\130\203}{section.4}% 16
\BOOKMARK [2][-]{subsection.4.2}{\376\377\133\236\232\214\136\163\123\360}{section.4}% 17
\BOOKMARK [1][-]{section.5}{\376\377\172\013\136\217\133\236\163\260}{}% 18
\BOOKMARK [2][-]{subsection.5.1}{\376\377\174\373\176\337\145\164\117\123\147\266\147\204}{section.5}% 19
\BOOKMARK [2][-]{subsection.5.2}{\376\377\000S\000i\000m\000p\000l\000e\000P\000L\000R\000\040\174\173\133\236\163\260}{section.5}% 20
\BOOKMARK [2][-]{subsection.5.3}{\376\377\000P\000L\000R\000\040\174\173\133\236\163\260}{section.5}% 21
\BOOKMARK [2][-]{subsection.5.4}{\376\377\000D\000i\000f\000f\000e\000r\000e\000n\000t\000i\000a\000l\000E\000v\000o\000l\000u\000t\000i\000o\000n\000\040\174\173\133\236\163\260\000\040}{section.5}% 22
\BOOKMARK [2][-]{subsection.5.5}{\376\377\116\073\172\013\136\217\133\236\163\260}{section.5}% 23
\BOOKMARK [1][-]{section.6}{\376\377\133\236\232\214\176\323\147\234\123\312\122\006\147\220}{}% 24
\BOOKMARK [2][-]{subsection.6.1}{\376\377\155\113\213\325\0001}{section.6}% 25
\BOOKMARK [2][-]{subsection.6.2}{\376\377\155\113\213\325\0002}{section.6}% 26
\BOOKMARK [2][-]{subsection.6.3}{\376\377\155\113\213\325\0003}{section.6}% 27
\BOOKMARK [2][-]{subsection.6.4}{\376\377\155\113\213\325\0004}{section.6}% 28
\BOOKMARK [2][-]{subsection.6.5}{\376\377\155\113\213\325\0005}{section.6}% 29
\BOOKMARK [2][-]{subsection.6.6}{\376\377\155\113\213\325\0006}{section.6}% 30
\BOOKMARK [2][-]{subsection.6.7}{\376\377\136\224\165\050\176\323\147\234}{section.6}% 31
\BOOKMARK [1][-]{section.7}{\376\377\147\072\126\150\133\146\116\140\213\376\172\013\166\204\133\146\116\140\117\123\117\032\116\016\136\372\213\256}{}% 32
\BOOKMARK [2][-]{subsection.7.1}{\376\377\230\171\166\356\140\073\176\323}{section.7}% 33
\BOOKMARK [2][-]{subsection.7.2}{\376\377\123\315\140\035}{section.7}% 34
\BOOKMARK [2][-]{subsection.7.3}{\376\377\133\146\116\140\117\123\117\032}{section.7}% 35
\BOOKMARK [2][-]{subsection.7.4}{\376\377\136\372\213\256}{section.7}% 36
\BOOKMARK [1][-]{subsection.7.4}{\376\377\123\302\200\003\145\207\163\056}{}% 37
